<?xml version="1.0" encoding="UTF-8"?>
<testng-results ignored="0" total="1" passed="1" failed="0" skipped="0">
  <reporter-output>
  </reporter-output>
  <suite started-at="2019-05-08T01:25:06Z" name="Default suite" finished-at="2019-05-08T01:25:28Z" duration-ms="22594">
    <groups>
    </groups>
    <test started-at="2019-05-08T01:25:06Z" name="Default test" finished-at="2019-05-08T01:25:28Z" duration-ms="22594">
      <class name="com.qa.barcode.BarCodeTest">
        <test-method signature="barCodeTest()[pri:0, instance:com.qa.barcode.BarCodeTest@70325e14]" started-at="2019-05-08T01:25:06Z" name="barCodeTest" finished-at="2019-05-08T01:25:28Z" duration-ms="22517" status="PASS">
          <reporter-output>
          </reporter-output>
        </test-method> <!-- barCodeTest -->
      </class> <!-- com.qa.barcode.BarCodeTest -->
    </test> <!-- Default test -->
  </suite> <!-- Default suite -->
</testng-results>
